\BOOKMARK [1][-]{section.1}{\376\377\145\160\143\156\226\306\123\312\116\373\122\241}{}% 1
\BOOKMARK [2][-]{subsection.1.1}{\376\377\145\160\143\156\226\306\143\317\217\360}{section.1}% 2
\BOOKMARK [2][-]{subsection.1.2}{\376\377\142\021\116\354\166\204\116\373\122\241}{section.1}% 3
\BOOKMARK [2][-]{subsection.1.3}{\376\377\116\073\211\201\121\375\145\160\213\364\146\016}{section.1}% 4
\BOOKMARK [1][-]{section.2}{\376\377\133\236\232\214\213\276\177\156}{}% 5
\BOOKMARK [2][-]{subsection.2.1}{\376\377\230\204\131\004\164\006}{section.2}% 6
\BOOKMARK [3][-]{subsubsection.2.1.1}{\376\377\177\072\131\061\120\074\131\004\164\006}{subsection.2.1}% 7
\BOOKMARK [3][-]{subsubsection.2.1.2}{\376\377\123\357\211\306\123\026}{subsection.2.1}% 8
\BOOKMARK [2][-]{subsection.2.2}{\376\377\213\304\116\367\143\007\150\007}{section.2}% 9
\BOOKMARK [1][-]{section.3}{\376\377\176\277\140\047\122\044\122\053\122\006\174\173}{}% 10
\BOOKMARK [2][-]{subsection.3.1}{\376\377\127\372\147\054\123\237\164\006}{section.3}% 11
\BOOKMARK [2][-]{subsection.3.2}{\376\377\145\160\120\074\133\236\232\214}{section.3}% 12
\BOOKMARK [1][-]{section.4}{\376\377\000L\000o\000g\000i\000s\000t\000i\000c\126\336\137\122}{}% 13
\BOOKMARK [2][-]{subsection.4.1}{\376\377\127\372\147\054\123\237\164\006}{section.4}% 14
\BOOKMARK [2][-]{subsection.4.2}{\376\377\145\160\120\074\133\236\232\214}{section.4}% 15
\BOOKMARK [1][-]{section.5}{\376\377\000K\147\000\217\321\220\273\122\006\174\173}{}% 16
\BOOKMARK [2][-]{subsection.5.1}{\376\377\127\372\147\054\123\237\164\006}{section.5}% 17
\BOOKMARK [2][-]{subsection.5.2}{\376\377\145\160\120\074\133\236\232\214}{section.5}% 18
\BOOKMARK [3][-]{subsubsection.5.2.1}{\376\377\170\156\133\232\147\000\117\163\000k\120\074}{subsection.5.2}% 19
\BOOKMARK [3][-]{subsubsection.5.2.2}{\376\377\117\177\165\050\000K\000=\0009\166\204\000K\000N\000N\122\006\174\173\126\150\217\333\210\114\122\006\174\173}{subsection.5.2}% 20
\BOOKMARK [1][-]{section.6}{\376\377\147\064\175\040\215\035\123\366\145\257\122\006\174\173}{}% 21
\BOOKMARK [2][-]{subsection.6.1}{\376\377\127\372\147\054\123\237\164\006}{section.6}% 22
\BOOKMARK [3][-]{subsubsection.6.1.1}{\376\377\147\064\175\040\215\035\123\366\145\257\122\006\174\173}{subsection.6.1}% 23
\BOOKMARK [3][-]{subsubsection.6.1.2}{\376\377\147\064\175\040\215\035\123\366\145\257\122\006\174\173\126\150}{subsection.6.1}% 24
\BOOKMARK [2][-]{subsection.6.2}{\376\377\145\160\120\074\133\236\232\214}{section.6}% 25
\BOOKMARK [3][-]{subsubsection.6.2.1}{\376\377\232\330\145\257\147\064\175\040\215\035\123\366\145\257\122\006\174\173\126\150}{subsection.6.2}% 26
\BOOKMARK [3][-]{subsubsection.6.2.2}{\376\377\131\032\230\171\137\017\147\064\175\040\215\035\123\366\145\257\122\006\174\173\126\150}{subsection.6.2}% 27
\BOOKMARK [3][-]{subsubsection.6.2.3}{\376\377\142\311\146\156\142\311\145\257\136\163\156\321}{subsection.6.2}% 28
\BOOKMARK [1][-]{section.7}{\376\377\153\324\217\203\122\006\147\220}{}% 29
\BOOKMARK [1][-]{section.8}{\376\377\140\073\176\323\116\016\123\315\140\035}{}% 30
