This is pdfTeX, Version 3.141592653-2.6-1.40.23 (TeX Live 2021/W32TeX) (preloaded format=pdflatex 2022.3.12)  2 MAY 2023 21:36
entering extended mode
 restricted \write18 enabled.
 %&-line parsing enabled.
**ç¬¬äºŒæ¬¡ä½œä¸š.tex
(./ç¬¬äºŒæ¬¡ä½œä¸š.tex
LaTeX2e <2021-11-15> patch level 1
L3 programming layer <2022-02-24>
(d:/Texlive/texlive/2021/texmf-dist/tex/latex/base/article.cls
Document Class: article 2021/10/04 v1.4n Standard LaTeX document class
(d:/Texlive/texlive/2021/texmf-dist/tex/latex/base/size12.clo
File: size12.clo 2021/10/04 v1.4n Standard LaTeX file (size option)
)
\c@part=\count185
\c@section=\count186
\c@subsection=\count187
\c@subsubsection=\count188
\c@paragraph=\count189
\c@subparagraph=\count190
\c@figure=\count191
\c@table=\count192
\abovecaptionskip=\skip47
\belowcaptionskip=\skip48
\bibindent=\dimen138
)
(d:/Texlive/texlive/2021/texmf-dist/tex/latex/cite/cite.sty
LaTeX Info: Redefining \cite on input line 302.
LaTeX Info: Redefining \nocite on input line 332.
Package: cite 2015/02/27  v 5.5
)
(d:/Texlive/texlive/2021/texmf-dist/tex/latex/ctex/ctex.sty
(d:/Texlive/texlive/2021/texmf-dist/tex/latex/l3kernel/expl3.sty
Package: expl3 2022-02-24 L3 programming layer (loader) 

(d:/Texlive/texlive/2021/texmf-dist/tex/latex/l3backend/l3backend-pdftex.def
File: l3backend-pdftex.def 2022-02-07 L3 backend support: PDF output (pdfTeX)
\l__color_backend_stack_int=\count193
\l__pdf_internal_box=\box50
))
Package: ctex 2021/12/12 v2.5.8 Chinese adapter in LaTeX (CTEX)

(d:/Texlive/texlive/2021/texmf-dist/tex/latex/l3packages/xparse/xparse.sty
Package: xparse 2022-01-12 L3 Experimental document command parser
)
(d:/Texlive/texlive/2021/texmf-dist/tex/latex/l3packages/l3keys2e/l3keys2e.sty
Package: l3keys2e 2022-01-12 LaTeX2e option processing using LaTeX3 keys
) (d:/Texlive/texlive/2021/texmf-dist/tex/latex/ctex/ctexhook.sty
Package: ctexhook 2021/12/12 v2.5.8 Document and package hooks (CTEX)
)
(d:/Texlive/texlive/2021/texmf-dist/tex/latex/ctex/ctexpatch.sty
Package: ctexpatch 2021/12/12 v2.5.8 Patching commands (CTEX)
)
(d:/Texlive/texlive/2021/texmf-dist/tex/latex/base/fix-cm.sty
Package: fix-cm 2020/11/24 v1.1t fixes to LaTeX

(d:/Texlive/texlive/2021/texmf-dist/tex/latex/base/ts1enc.def
File: ts1enc.def 2001/06/05 v3.0e (jk/car/fm) Standard LaTeX file
LaTeX Font Info:    Redeclaring font encoding TS1 on input line 47.
))
\l__ctex_tmp_int=\count194
\l__ctex_tmp_box=\box51
\l__ctex_tmp_dim=\dimen139
\g__ctex_section_depth_int=\count195
\g__ctex_font_size_int=\count196

(d:/Texlive/texlive/2021/texmf-dist/tex/latex/ctex/config/ctexopts.cfg
File: ctexopts.cfg 2021/12/12 v2.5.8 Option configuration file (CTEX)
)
(d:/Texlive/texlive/2021/texmf-dist/tex/latex/ctex/engine/ctex-engine-pdftex.de
f
File: ctex-engine-pdftex.def 2021/12/12 v2.5.8 (pdf)LaTeX adapter (CTEX)
 (d:/Texlive/texlive/2021/texmf-dist/tex/latex/cjk/texinput/CJKutf8.sty
Package: CJKutf8 2021/10/16 4.8.5

(d:/Texlive/texlive/2021/texmf-dist/tex/generic/iftex/ifpdf.sty
Package: ifpdf 2019/10/25 v3.4 ifpdf legacy package. Use iftex instead.

(d:/Texlive/texlive/2021/texmf-dist/tex/generic/iftex/iftex.sty
Package: iftex 2022/02/03 v1.0f TeX engine tests
))
(d:/Texlive/texlive/2021/texmf-dist/tex/latex/base/inputenc.sty
Package: inputenc 2021/02/14 v1.3d Input encoding file
\inpenc@prehook=\toks16
\inpenc@posthook=\toks17
)
(d:/Texlive/texlive/2021/texmf-dist/tex/latex/cjk/texinput/CJK.sty
Package: CJK 2021/10/16 4.8.5

(d:/Texlive/texlive/2021/texmf-dist/tex/latex/cjk/texinput/mule/MULEenc.sty
Package: MULEenc 2021/10/16 4.8.5
)
(d:/Texlive/texlive/2021/texmf-dist/tex/latex/cjk/texinput/CJK.enc
File: CJK.enc 2021/10/16 4.8.5
Now handling font encoding C00 ...
... no UTF-8 mapping file for font encoding C00
Now handling font encoding C05 ...
... no UTF-8 mapping file for font encoding C05
Now handling font encoding C09 ...
... no UTF-8 mapping file for font encoding C09
Now handling font encoding C10 ...
... no UTF-8 mapping file for font encoding C10
Now handling font encoding C20 ...
... no UTF-8 mapping file for font encoding C20
Now handling font encoding C19 ...
... no UTF-8 mapping file for font encoding C19
Now handling font encoding C40 ...
... no UTF-8 mapping file for font encoding C40
Now handling font encoding C42 ...
... no UTF-8 mapping file for font encoding C42
Now handling font encoding C43 ...
... no UTF-8 mapping file for font encoding C43
Now handling font encoding C50 ...
... no UTF-8 mapping file for font encoding C50
Now handling font encoding C52 ...
... no UTF-8 mapping file for font encoding C52
Now handling font encoding C49 ...
... no UTF-8 mapping file for font encoding C49
Now handling font encoding C60 ...
... no UTF-8 mapping file for font encoding C60
Now handling font encoding C61 ...
... no UTF-8 mapping file for font encoding C61
Now handling font encoding C63 ...
... no UTF-8 mapping file for font encoding C63
Now handling font encoding C64 ...
... no UTF-8 mapping file for font encoding C64
Now handling font encoding C65 ...
... no UTF-8 mapping file for font encoding C65
Now handling font encoding C70 ...
... no UTF-8 mapping file for font encoding C70
Now handling font encoding C31 ...
... no UTF-8 mapping file for font encoding C31
Now handling font encoding C32 ...
... no UTF-8 mapping file for font encoding C32
Now handling font encoding C33 ...
... no UTF-8 mapping file for font encoding C33
Now handling font encoding C34 ...
... no UTF-8 mapping file for font encoding C34
Now handling font encoding C35 ...
... no UTF-8 mapping file for font encoding C35
Now handling font encoding C36 ...
... no UTF-8 mapping file for font encoding C36
Now handling font encoding C37 ...
... no UTF-8 mapping file for font encoding C37
Now handling font encoding C80 ...
... no UTF-8 mapping file for font encoding C80
Now handling font encoding C81 ...
... no UTF-8 mapping file for font encoding C81
Now handling font encoding C01 ...
... no UTF-8 mapping file for font encoding C01
Now handling font encoding C11 ...
... no UTF-8 mapping file for font encoding C11
Now handling font encoding C21 ...
... no UTF-8 mapping file for font encoding C21
Now handling font encoding C41 ...
... no UTF-8 mapping file for font encoding C41
Now handling font encoding C62 ...
... no UTF-8 mapping file for font encoding C62
)
\CJK@indent=\box52
)
(d:/Texlive/texlive/2021/texmf-dist/tex/latex/base/fontenc.sty
Package: fontenc 2021/04/29 v2.0v Standard LaTeX package
))
(d:/Texlive/texlive/2021/texmf-dist/tex/latex/cjkpunct/CJKpunct.sty
Package: CJKpunct 2016/05/14 4.8.4
\CJKpunct@cnta=\count197
\CJKpunct@cntb=\count198
\CJKpunct@cntc=\count199
\CJKpunct@cntd=\count266
\CJKpunct@cnte=\count267
   defining Unicode char U+2018 (decimal 8216)
   defining Unicode char U+2019 (decimal 8217)
   defining Unicode char U+201C (decimal 8220)
   defining Unicode char U+201D (decimal 8221)
   defining Unicode char U+2014 (decimal 8212)
   defining Unicode char U+2026 (decimal 8230)

(d:/Texlive/texlive/2021/texmf-dist/tex/latex/cjkpunct/CJKpunct.spa))
(d:/Texlive/texlive/2021/texmf-dist/tex/latex/cjk/texinput/CJKspace.sty
Package: CJKspace 2021/10/16 3.8.0
)
(d:/Texlive/texlive/2021/texmf-dist/tex/latex/ctex/ctexspa.def
File: ctexspa.def 2021/12/12 v2.5.8 Space info for CJKpunct (CTEX)
)
\ccwd=\dimen140
\l__ctex_ccglue_skip=\skip49
)
\l__ctex_ziju_dim=\dimen141

(d:/Texlive/texlive/2021/texmf-dist/tex/latex/zhnumber/zhnumber.sty
Package: zhnumber 2020/05/01 v2.8 Typesetting numbers with Chinese glyphs
\l__zhnum_scale_int=\count268
\l__zhnum_byte_min_int=\count269
\l__zhnum_byte_max_int=\count270

(d:/Texlive/texlive/2021/texmf-dist/tex/latex/zhnumber/zhnumber-utf8.cfg
File: zhnumber-utf8.cfg 2020/05/01 v2.8 Chinese numerals with UTF8 encoding
))
(d:/Texlive/texlive/2021/texmf-dist/tex/latex/ctex/scheme/ctex-scheme-chinese.d
ef
File: ctex-scheme-chinese.def 2021/12/12 v2.5.8 Chinese scheme for generic (CTE
X)
 (d:/Texlive/texlive/2021/texmf-dist/tex/latex/ctex/config/ctex-name-utf8.cfg
File: ctex-name-utf8.cfg 2021/12/12 v2.5.8 Caption with encoding UTF-8 (CTEX)
)) (d:/Texlive/texlive/2021/texmf-dist/tex/latex/tools/indentfirst.sty
Package: indentfirst 1995/11/23 v1.03 Indent first paragraph (DPC)
)
(d:/Texlive/texlive/2021/texmf-dist/tex/latex/ctex/fontset/ctex-fontset-windows
.def
File: ctex-fontset-windows.def 2021/12/12 v2.5.8 Windows fonts definition (CTEX
)
)) (d:/Texlive/texlive/2021/texmf-dist/tex/latex/ctex/config/ctex.cfg
File: ctex.cfg 2021/12/12 v2.5.8 Configuration file (CTEX)
)
(d:/Texlive/texlive/2021/texmf-dist/tex/latex/booktabs/booktabs.sty
Package: booktabs 2020/01/12 v1.61803398 Publication quality tables
\heavyrulewidth=\dimen142
\lightrulewidth=\dimen143
\cmidrulewidth=\dimen144
\belowrulesep=\dimen145
\belowbottomsep=\dimen146
\aboverulesep=\dimen147
\abovetopsep=\dimen148
\cmidrulesep=\dimen149
\cmidrulekern=\dimen150
\defaultaddspace=\dimen151
\@cmidla=\count271
\@cmidlb=\count272
\@aboverulesep=\dimen152
\@belowrulesep=\dimen153
\@thisruleclass=\count273
\@lastruleclass=\count274
\@thisrulewidth=\dimen154
)
(d:/Texlive/texlive/2021/texmf-dist/tex/latex/graphics/graphicx.sty
Package: graphicx 2021/09/16 v1.2d Enhanced LaTeX Graphics (DPC,SPQR)

(d:/Texlive/texlive/2021/texmf-dist/tex/latex/graphics/keyval.sty
Package: keyval 2014/10/28 v1.15 key=value parser (DPC)
\KV@toks@=\toks18
)
(d:/Texlive/texlive/2021/texmf-dist/tex/latex/graphics/graphics.sty
Package: graphics 2021/03/04 v1.4d Standard LaTeX Graphics (DPC,SPQR)

(d:/Texlive/texlive/2021/texmf-dist/tex/latex/graphics/trig.sty
Package: trig 2021/08/11 v1.11 sin cos tan (DPC)
)
(d:/Texlive/texlive/2021/texmf-dist/tex/latex/graphics-cfg/graphics.cfg
File: graphics.cfg 2016/06/04 v1.11 sample graphics configuration
)
Package graphics Info: Driver file: pdftex.def on input line 107.

(d:/Texlive/texlive/2021/texmf-dist/tex/latex/graphics-def/pdftex.def
File: pdftex.def 2020/10/05 v1.2a Graphics/color driver for pdftex
))
\Gin@req@height=\dimen155
\Gin@req@width=\dimen156
)
(d:/Texlive/texlive/2021/texmf-dist/tex/latex/amsmath/amsmath.sty
Package: amsmath 2021/10/15 v2.17l AMS math features
\@mathmargin=\skip50

For additional information on amsmath, use the `?' option.
(d:/Texlive/texlive/2021/texmf-dist/tex/latex/amsmath/amstext.sty
Package: amstext 2021/08/26 v2.01 AMS text

(d:/Texlive/texlive/2021/texmf-dist/tex/latex/amsmath/amsgen.sty
File: amsgen.sty 1999/11/30 v2.0 generic functions
\@emptytoks=\toks19
\ex@=\dimen157
))
(d:/Texlive/texlive/2021/texmf-dist/tex/latex/amsmath/amsbsy.sty
Package: amsbsy 1999/11/29 v1.2d Bold Symbols
\pmbraise@=\dimen158
)
(d:/Texlive/texlive/2021/texmf-dist/tex/latex/amsmath/amsopn.sty
Package: amsopn 2021/08/26 v2.02 operator names
)
\inf@bad=\count275
LaTeX Info: Redefining \frac on input line 234.
\uproot@=\count276
\leftroot@=\count277
LaTeX Info: Redefining \overline on input line 399.
\classnum@=\count278
\DOTSCASE@=\count279
LaTeX Info: Redefining \ldots on input line 496.
LaTeX Info: Redefining \dots on input line 499.
LaTeX Info: Redefining \cdots on input line 620.
\Mathstrutbox@=\box53
\strutbox@=\box54
\big@size=\dimen159
LaTeX Font Info:    Redeclaring font encoding OML on input line 743.
LaTeX Font Info:    Redeclaring font encoding OMS on input line 744.
\macc@depth=\count280
\c@MaxMatrixCols=\count281
\dotsspace@=\muskip16
\c@parentequation=\count282
\dspbrk@lvl=\count283
\tag@help=\toks20
\row@=\count284
\column@=\count285
\maxfields@=\count286
\andhelp@=\toks21
\eqnshift@=\dimen160
\alignsep@=\dimen161
\tagshift@=\dimen162
\tagwidth@=\dimen163
\totwidth@=\dimen164
\lineht@=\dimen165
\@envbody=\toks22
\multlinegap=\skip51
\multlinetaggap=\skip52
\mathdisplay@stack=\toks23
LaTeX Info: Redefining \[ on input line 2938.
LaTeX Info: Redefining \] on input line 2939.
)
(d:/Texlive/texlive/2021/texmf-dist/tex/latex/hyperref/hyperref.sty
Package: hyperref 2022-02-21 v7.00n Hypertext links for LaTeX

(d:/Texlive/texlive/2021/texmf-dist/tex/generic/ltxcmds/ltxcmds.sty
Package: ltxcmds 2020-05-10 v1.25 LaTeX kernel commands for general use (HO)
)
(d:/Texlive/texlive/2021/texmf-dist/tex/generic/pdftexcmds/pdftexcmds.sty
Package: pdftexcmds 2020-06-27 v0.33 Utility functions of pdfTeX for LuaTeX (HO
)

(d:/Texlive/texlive/2021/texmf-dist/tex/generic/infwarerr/infwarerr.sty
Package: infwarerr 2019/12/03 v1.5 Providing info/warning/error messages (HO)
)
Package pdftexcmds Info: \pdf@primitive is available.
Package pdftexcmds Info: \pdf@ifprimitive is available.
Package pdftexcmds Info: \pdfdraftmode found.
)
(d:/Texlive/texlive/2021/texmf-dist/tex/generic/kvsetkeys/kvsetkeys.sty
Package: kvsetkeys 2019/12/15 v1.18 Key value parser (HO)
)
(d:/Texlive/texlive/2021/texmf-dist/tex/generic/kvdefinekeys/kvdefinekeys.sty
Package: kvdefinekeys 2019-12-19 v1.6 Define keys (HO)
)
(d:/Texlive/texlive/2021/texmf-dist/tex/generic/pdfescape/pdfescape.sty
Package: pdfescape 2019/12/09 v1.15 Implements pdfTeX's escape features (HO)
)
(d:/Texlive/texlive/2021/texmf-dist/tex/latex/hycolor/hycolor.sty
Package: hycolor 2020-01-27 v1.10 Color options for hyperref/bookmark (HO)
)
(d:/Texlive/texlive/2021/texmf-dist/tex/latex/letltxmacro/letltxmacro.sty
Package: letltxmacro 2019/12/03 v1.6 Let assignment for LaTeX macros (HO)
)
(d:/Texlive/texlive/2021/texmf-dist/tex/latex/auxhook/auxhook.sty
Package: auxhook 2019-12-17 v1.6 Hooks for auxiliary files (HO)
)
(d:/Texlive/texlive/2021/texmf-dist/tex/latex/kvoptions/kvoptions.sty
Package: kvoptions 2020-10-07 v3.14 Key value format for package options (HO)
)
\@linkdim=\dimen166
\Hy@linkcounter=\count287
\Hy@pagecounter=\count288

(d:/Texlive/texlive/2021/texmf-dist/tex/latex/hyperref/pd1enc.def
File: pd1enc.def 2022-02-21 v7.00n Hyperref: PDFDocEncoding definition (HO)
Now handling font encoding PD1 ...
... no UTF-8 mapping file for font encoding PD1
)
(d:/Texlive/texlive/2021/texmf-dist/tex/generic/intcalc/intcalc.sty
Package: intcalc 2019/12/15 v1.3 Expandable calculations with integers (HO)
)
(d:/Texlive/texlive/2021/texmf-dist/tex/generic/etexcmds/etexcmds.sty
Package: etexcmds 2019/12/15 v1.7 Avoid name clashes with e-TeX commands (HO)
)
\Hy@SavedSpaceFactor=\count289

(d:/Texlive/texlive/2021/texmf-dist/tex/latex/hyperref/puenc.def
File: puenc.def 2022-02-21 v7.00n Hyperref: PDF Unicode definition (HO)
Now handling font encoding PU ...
... no UTF-8 mapping file for font encoding PU
)
Package hyperref Info: Option `unicode' set `true' on input line 4018.
Package hyperref Info: Hyper figures OFF on input line 4137.
Package hyperref Info: Link nesting OFF on input line 4142.
Package hyperref Info: Hyper index ON on input line 4145.
Package hyperref Info: Plain pages OFF on input line 4152.
Package hyperref Info: Backreferencing OFF on input line 4157.
Package hyperref Info: Implicit mode ON; LaTeX internals redefined.
Package hyperref Info: Bookmarks ON on input line 4390.
\c@Hy@tempcnt=\count290

(d:/Texlive/texlive/2021/texmf-dist/tex/latex/url/url.sty
\Urlmuskip=\muskip17
Package: url 2013/09/16  ver 3.4  Verb mode for urls, etc.
)
LaTeX Info: Redefining \url on input line 4749.
\XeTeXLinkMargin=\dimen167

(d:/Texlive/texlive/2021/texmf-dist/tex/generic/bitset/bitset.sty
Package: bitset 2019/12/09 v1.3 Handle bit-vector datatype (HO)

(d:/Texlive/texlive/2021/texmf-dist/tex/generic/bigintcalc/bigintcalc.sty
Package: bigintcalc 2019/12/15 v1.5 Expandable calculations on big integers (HO
)
))
\Fld@menulength=\count291
\Field@Width=\dimen168
\Fld@charsize=\dimen169
Package hyperref Info: Hyper figures OFF on input line 6027.
Package hyperref Info: Link nesting OFF on input line 6032.
Package hyperref Info: Hyper index ON on input line 6035.
Package hyperref Info: backreferencing OFF on input line 6042.
Package hyperref Info: Link coloring OFF on input line 6047.
Package hyperref Info: Link coloring with OCG OFF on input line 6052.
Package hyperref Info: PDF/A mode OFF on input line 6057.
LaTeX Info: Redefining \ref on input line 6097.
LaTeX Info: Redefining \pageref on input line 6101.

(d:/Texlive/texlive/2021/texmf-dist/tex/latex/base/atbegshi-ltx.sty
Package: atbegshi-ltx 2021/01/10 v1.0c Emulation of the original atbegshi
package with kernel methods
)
\Hy@abspage=\count292
\c@Item=\count293
\c@Hfootnote=\count294
)
Package hyperref Info: Driver (autodetected): hpdftex.

(d:/Texlive/texlive/2021/texmf-dist/tex/latex/hyperref/hpdftex.def
File: hpdftex.def 2022-02-21 v7.00n Hyperref driver for pdfTeX

(d:/Texlive/texlive/2021/texmf-dist/tex/latex/base/atveryend-ltx.sty
Package: atveryend-ltx 2020/08/19 v1.0a Emulation of the original atveryend pac
kage
with kernel methods
)
\Fld@listcount=\count295
\c@bookmark@seq@number=\count296

(d:/Texlive/texlive/2021/texmf-dist/tex/latex/rerunfilecheck/rerunfilecheck.sty
Package: rerunfilecheck 2019/12/05 v1.9 Rerun checks for auxiliary files (HO)

(d:/Texlive/texlive/2021/texmf-dist/tex/generic/uniquecounter/uniquecounter.sty
Package: uniquecounter 2019/12/15 v1.4 Provide unlimited unique counter (HO)
)
Package uniquecounter Info: New unique counter `rerunfilecheck' on input line 2
86.
)
\Hy@SectionHShift=\skip53
) (d:/Texlive/texlive/2021/texmf-dist/tex/latex/caption/caption.sty
Package: caption 2022/02/28 v3.6a Customizing captions (AR)

(d:/Texlive/texlive/2021/texmf-dist/tex/latex/caption/caption3.sty
Package: caption3 2022/02/28 v2.3a caption3 kernel (AR)
\caption@tempdima=\dimen170
\captionmargin=\dimen171
\caption@leftmargin=\dimen172
\caption@rightmargin=\dimen173
\caption@width=\dimen174
\caption@indent=\dimen175
\caption@parindent=\dimen176
\caption@hangindent=\dimen177
Package caption Info: Standard document class detected.
)
\c@caption@flags=\count297
\c@continuedfloat=\count298
Package caption Info: hyperref package is loaded.
)
(d:/Texlive/texlive/2021/texmf-dist/tex/latex/caption/subcaption.sty
Package: subcaption 2022/01/07 v1.5 Sub-captions (AR)
\c@subfigure=\count299
\c@subtable=\count300
)
(d:/Texlive/texlive/2021/texmf-dist/tex/latex/geometry/geometry.sty
Package: geometry 2020/01/02 v5.9 Page Geometry

(d:/Texlive/texlive/2021/texmf-dist/tex/generic/iftex/ifvtex.sty
Package: ifvtex 2019/10/25 v1.7 ifvtex legacy package. Use iftex instead.
)
\Gm@cnth=\count301
\Gm@cntv=\count302
\c@Gm@tempcnt=\count303
\Gm@bindingoffset=\dimen178
\Gm@wd@mp=\dimen179
\Gm@odd@mp=\dimen180
\Gm@even@mp=\dimen181
\Gm@layoutwidth=\dimen182
\Gm@layoutheight=\dimen183
\Gm@layouthoffset=\dimen184
\Gm@layoutvoffset=\dimen185
\Gm@dimlist=\toks24
)
(d:/Texlive/texlive/2021/texmf-dist/tex/latex/titlesec/titlesec.sty
Package: titlesec 2021/07/05 v2.14 Sectioning titles
\ttl@box=\box55
\beforetitleunit=\skip54
\aftertitleunit=\skip55
\ttl@plus=\dimen186
\ttl@minus=\dimen187
\ttl@toksa=\toks25
\titlewidth=\dimen188
\titlewidthlast=\dimen189
\titlewidthfirst=\dimen190
)
(d:/Texlive/texlive/2021/texmf-dist/tex/latex/xcolor/xcolor.sty
Package: xcolor 2021/10/31 v2.13 LaTeX color extensions (UK)

(d:/Texlive/texlive/2021/texmf-dist/tex/latex/graphics-cfg/color.cfg
File: color.cfg 2016/01/02 v1.6 sample color configuration
)
Package xcolor Info: Driver file: pdftex.def on input line 227.

(d:/Texlive/texlive/2021/texmf-dist/tex/latex/colortbl/colortbl.sty
Package: colortbl 2020/01/04 v1.0e Color table columns (DPC)

(d:/Texlive/texlive/2021/texmf-dist/tex/latex/tools/array.sty
Package: array 2021/10/04 v2.5f Tabular extension package (FMi)
\col@sep=\dimen191
\ar@mcellbox=\box56
\extrarowheight=\dimen192
\NC@list=\toks26
\extratabsurround=\skip56
\backup@length=\skip57
\ar@cellbox=\box57
)
\everycr=\toks27
\minrowclearance=\skip58
)
\rownum=\count304
Package xcolor Info: Model `cmy' substituted by `cmy0' on input line 1352.
Package xcolor Info: Model `hsb' substituted by `rgb' on input line 1356.
Package xcolor Info: Model `RGB' extended on input line 1368.
Package xcolor Info: Model `HTML' substituted by `rgb' on input line 1370.
Package xcolor Info: Model `Hsb' substituted by `hsb' on input line 1371.
Package xcolor Info: Model `tHsb' substituted by `hsb' on input line 1372.
Package xcolor Info: Model `HSB' substituted by `hsb' on input line 1373.
Package xcolor Info: Model `Gray' substituted by `gray' on input line 1374.
Package xcolor Info: Model `wave' substituted by `hsb' on input line 1375.
)
(d:/Texlive/texlive/2021/texmf-dist/tex/latex/listings/listings.sty
\lst@mode=\count305
\lst@gtempboxa=\box58
\lst@token=\toks28
\lst@length=\count306
\lst@currlwidth=\dimen193
\lst@column=\count307
\lst@pos=\count308
\lst@lostspace=\dimen194
\lst@width=\dimen195
\lst@newlines=\count309
\lst@lineno=\count310
\lst@maxwidth=\dimen196

(d:/Texlive/texlive/2021/texmf-dist/tex/latex/listings/lstmisc.sty
File: lstmisc.sty 2020/03/24 1.8d (Carsten Heinz)
\c@lstnumber=\count311
\lst@skipnumbers=\count312
\lst@framebox=\box59
)
(d:/Texlive/texlive/2021/texmf-dist/tex/latex/listings/listings.cfg
File: listings.cfg 2020/03/24 1.8d listings configuration
))
Package: listings 2020/03/24 1.8d (Carsten Heinz)

(d:/Texlive/texlive/2021/texmf-dist/tex/latex/cjk/texinput/UTF8/UTF8.bdg
File: UTF8.bdg 2021/10/16 4.8.5
)
(d:/Texlive/texlive/2021/texmf-dist/tex/latex/cjk/texinput/UTF8/UTF8.enc
File: UTF8.enc 2021/10/16 4.8.5
)
(d:/Texlive/texlive/2021/texmf-dist/tex/latex/cjk/texinput/UTF8/UTF8.chr
File: UTF8.chr 2021/10/16 4.8.5
)
(./ç¬¬äºŒæ¬¡ä½œä¸š.aux)
\openout1 = `ç¬¬äºŒæ¬¡ä½œä¸š.aux'.

LaTeX Font Info:    Checking defaults for OML/cmm/m/it on input line 42.
LaTeX Font Info:    ... okay on input line 42.
LaTeX Font Info:    Checking defaults for OMS/cmsy/m/n on input line 42.
LaTeX Font Info:    ... okay on input line 42.
LaTeX Font Info:    Checking defaults for OT1/cmr/m/n on input line 42.
LaTeX Font Info:    ... okay on input line 42.
LaTeX Font Info:    Checking defaults for T1/cmr/m/n on input line 42.
LaTeX Font Info:    ... okay on input line 42.
LaTeX Font Info:    Checking defaults for TS1/cmr/m/n on input line 42.
LaTeX Font Info:    ... okay on input line 42.
LaTeX Font Info:    Checking defaults for OMX/cmex/m/n on input line 42.
LaTeX Font Info:    ... okay on input line 42.
LaTeX Font Info:    Checking defaults for U/cmr/m/n on input line 42.
LaTeX Font Info:    ... okay on input line 42.
LaTeX Font Info:    Checking defaults for C00/song/m/n on input line 42.
LaTeX Font Info:    ... okay on input line 42.
LaTeX Font Info:    Checking defaults for C05/song/m/n on input line 42.
LaTeX Font Info:    ... okay on input line 42.
LaTeX Font Info:    Checking defaults for C09/song/m/n on input line 42.
LaTeX Font Info:    ... okay on input line 42.
LaTeX Font Info:    Checking defaults for C10/song/m/n on input line 42.
LaTeX Font Info:    ... okay on input line 42.
LaTeX Font Info:    Checking defaults for C20/song/m/n on input line 42.
LaTeX Font Info:    ... okay on input line 42.
LaTeX Font Info:    Checking defaults for C19/song/m/n on input line 42.
LaTeX Font Info:    ... okay on input line 42.
LaTeX Font Info:    Checking defaults for C40/song/m/n on input line 42.
LaTeX Font Info:    ... okay on input line 42.
LaTeX Font Info:    Checking defaults for C42/song/m/n on input line 42.
LaTeX Font Info:    ... okay on input line 42.
LaTeX Font Info:    Checking defaults for C43/song/m/n on input line 42.
LaTeX Font Info:    ... okay on input line 42.
LaTeX Font Info:    Checking defaults for C50/song/m/n on input line 42.
LaTeX Font Info:    ... okay on input line 42.
LaTeX Font Info:    Checking defaults for C52/song/m/n on input line 42.
LaTeX Font Info:    ... okay on input line 42.
LaTeX Font Info:    Checking defaults for C49/song/m/n on input line 42.
LaTeX Font Info:    ... okay on input line 42.
LaTeX Font Info:    Checking defaults for C60/mj/m/n on input line 42.
LaTeX Font Info:    ... okay on input line 42.
LaTeX Font Info:    Checking defaults for C61/mj/m/n on input line 42.
LaTeX Font Info:    ... okay on input line 42.
LaTeX Font Info:    Checking defaults for C63/mj/m/n on input line 42.
LaTeX Font Info:    ... okay on input line 42.
LaTeX Font Info:    Checking defaults for C64/mj/m/n on input line 42.
LaTeX Font Info:    ... okay on input line 42.
LaTeX Font Info:    Checking defaults for C65/mj/m/n on input line 42.
LaTeX Font Info:    ... okay on input line 42.
LaTeX Font Info:    Checking defaults for C70/song/m/n on input line 42.
LaTeX Font Info:    ... okay on input line 42.
LaTeX Font Info:    Checking defaults for C31/song/m/n on input line 42.
LaTeX Font Info:    ... okay on input line 42.
LaTeX Font Info:    Checking defaults for C32/song/m/n on input line 42.
LaTeX Font Info:    ... okay on input line 42.
LaTeX Font Info:    Checking defaults for C33/song/m/n on input line 42.
LaTeX Font Info:    ... okay on input line 42.
LaTeX Font Info:    Checking defaults for C34/song/m/n on input line 42.
LaTeX Font Info:    ... okay on input line 42.
LaTeX Font Info:    Checking defaults for C35/song/m/n on input line 42.
LaTeX Font Info:    ... okay on input line 42.
LaTeX Font Info:    Checking defaults for C36/song/m/n on input line 42.
LaTeX Font Info:    ... okay on input line 42.
LaTeX Font Info:    Checking defaults for C37/song/m/n on input line 42.
LaTeX Font Info:    ... okay on input line 42.
LaTeX Font Info:    Checking defaults for C80/song/m/n on input line 42.
LaTeX Font Info:    ... okay on input line 42.
LaTeX Font Info:    Checking defaults for C81/song/m/n on input line 42.
LaTeX Font Info:    ... okay on input line 42.
LaTeX Font Info:    Checking defaults for C01/song/m/n on input line 42.
LaTeX Font Info:    ... okay on input line 42.
LaTeX Font Info:    Checking defaults for C11/song/m/n on input line 42.
LaTeX Font Info:    ... okay on input line 42.
LaTeX Font Info:    Checking defaults for C21/song/m/n on input line 42.
LaTeX Font Info:    ... okay on input line 42.
LaTeX Font Info:    Checking defaults for C41/song/m/n on input line 42.
LaTeX Font Info:    ... okay on input line 42.
LaTeX Font Info:    Checking defaults for C62/song/m/n on input line 42.
LaTeX Font Info:    ... okay on input line 42.
LaTeX Font Info:    Checking defaults for PD1/pdf/m/n on input line 42.
LaTeX Font Info:    ... okay on input line 42.
LaTeX Font Info:    Checking defaults for PU/pdf/m/n on input line 42.
LaTeX Font Info:    ... okay on input line 42.

(d:/Texlive/texlive/2021/texmf-dist/tex/context/base/mkii/supp-pdf.mkii
[Loading MPS to PDF converter (version 2006.09.02).]
\scratchcounter=\count313
\scratchdimen=\dimen197
\scratchbox=\box60
\nofMPsegments=\count314
\nofMParguments=\count315
\everyMPshowfont=\toks29
\MPscratchCnt=\count316
\MPscratchDim=\dimen198
\MPnumerator=\count317
\makeMPintoPDFobject=\count318
\everyMPtoPDFconversion=\toks30
) (d:/Texlive/texlive/2021/texmf-dist/tex/latex/epstopdf-pkg/epstopdf-base.sty
Package: epstopdf-base 2020-01-24 v2.11 Base part for package epstopdf
Package epstopdf-base Info: Redefining graphics rule for `.eps' on input line 4
85.

(d:/Texlive/texlive/2021/texmf-dist/tex/latex/latexconfig/epstopdf-sys.cfg
File: epstopdf-sys.cfg 2010/07/13 v1.3 Configuration of (r)epstopdf for TeX Liv
e
))
Package hyperref Info: Link coloring OFF on input line 42.

(d:/Texlive/texlive/2021/texmf-dist/tex/latex/hyperref/nameref.sty
Package: nameref 2021-04-02 v2.47 Cross-referencing by name of section

(d:/Texlive/texlive/2021/texmf-dist/tex/latex/refcount/refcount.sty
Package: refcount 2019/12/15 v3.6 Data extraction from label references (HO)
)
(d:/Texlive/texlive/2021/texmf-dist/tex/generic/gettitlestring/gettitlestring.s
ty
Package: gettitlestring 2019/12/15 v1.6 Cleanup title references (HO)
)
\c@section@level=\count319
)
LaTeX Info: Redefining \ref on input line 42.
LaTeX Info: Redefining \pageref on input line 42.
LaTeX Info: Redefining \nameref on input line 42.
 (./ç¬¬äºŒæ¬¡ä½œä¸š.out) (./ç¬¬äºŒæ¬¡ä½œä¸š.out)
\@outlinefile=\write3
\openout3 = `ç¬¬äºŒæ¬¡ä½œä¸š.out'.

Package caption Info: Begin \AtBeginDocument code.
Package caption Info: listings package is loaded.
Package caption Info: End \AtBeginDocument code.

*geometry* driver: auto-detecting
*geometry* detected driver: pdftex
*geometry* verbose mode - [ preamble ] result:
* driver: pdftex
* paper: a4paper
* layout: <same size as paper>
* layoutoffset:(h,v)=(0.0pt,0.0pt)
* modes: 
* h-part:(L,W,R)=(59.74988pt, 478.00812pt, 59.74988pt)
* v-part:(T,H,B)=(67.60269pt, 676.04005pt, 101.4041pt)
* \paperwidth=597.50787pt
* \paperheight=845.04684pt
* \textwidth=478.00812pt
* \textheight=676.04005pt
* \oddsidemargin=-12.52011pt
* \evensidemargin=-12.52011pt
* \topmargin=-41.6673pt
* \headheight=12.0pt
* \headsep=25.0pt
* \topskip=12.0pt
* \footskip=30.0pt
* \marginparwidth=35.0pt
* \marginparsep=10.0pt
* \columnsep=10.0pt
* \skip\footins=10.8pt plus 4.0pt minus 2.0pt
* \hoffset=0.0pt
* \voffset=0.0pt
* \mag=1000
* \@twocolumnfalse
* \@twosidefalse
* \@mparswitchfalse
* \@reversemarginfalse
* (1in=72.27pt=25.4mm, 1cm=28.453pt)

\c@lstlisting=\count320
LaTeX Font Info:    Trying to load font information for C70+rm on input line 44
.
(d:/Texlive/texlive/2021/texmf-dist/tex/latex/ctex/fd/c70rm.fd
File: c70rm.fd 2021/12/12 v2.5.8 Chinese font definition (CTEX)
)
Package CJKpunct Info: use punctuation spaces for family 'rm' with punctstyle (
quanjiao) on input line 46.

(./ç¬¬äºŒæ¬¡ä½œä¸š.toc)
\tf@toc=\write4
\openout4 = `ç¬¬äºŒæ¬¡ä½œä¸š.toc'.


(d:/Texlive/texlive/2021/texmf-dist/tex/generic/ctex/zhmap/ctex-zhmap-windows.t
ex
File: ctex-zhmap-windows.tex 2021/12/12 v2.5.8 Windows font map loader for pdfT
eX and DVIPDFMx (CTEX)
{d:/Texlive/texlive/2021/texmf-var/fonts/map/pdftex/updmap/pdftex.map}{UGBK.sfd
}{Unicode.sfd}) [1

] [2

]
(d:/Texlive/texlive/2021/texmf-dist/tex/latex/listings/lstlang1.sty
File: lstlang1.sty 2020/03/24 1.8d listings language file
)
(d:/Texlive/texlive/2021/texmf-dist/tex/latex/listings/lstlang2.sty
File: lstlang2.sty 2020/03/24 1.8d listings language file
)
(d:/Texlive/texlive/2021/texmf-dist/tex/latex/listings/lstlang3.sty
File: lstlang3.sty 2020/03/24 1.8d listings language file
)
Package hyperref Info: bookmark level for unknown lstlisting defaults to 0 on i
nput line 108.
LaTeX Font Info:    Trying to load font information for OML+cmr on input line 1
14.

(d:/Texlive/texlive/2021/texmf-dist/tex/latex/base/omlcmr.fd
File: omlcmr.fd 2019/12/16 v2.5j Standard LaTeX font definitions
)
LaTeX Font Info:    Font shape `OML/cmr/m/n' in size <12> not available
(Font)              Font shape `OML/cmm/m/it' tried instead on input line 114.
 [3]
<res/corrplot.png, id=276, 443.78297pt x 395.97937pt>
File: res/corrplot.png Graphic file (type png)
<use res/corrplot.png>
Package pdftex.def Info: res/corrplot.png  used on input line 121.
(pdftex.def)             Requested size: 478.00812pt x 426.51543pt.

Overfull \hbox (38.42601pt too wide) in paragraph at lines 125--126
\C70/rm/m/n/12/6d K \C70/rm/m/n/12/8b Õ \C70/rm/m/n/12/96 Æ|\C70/rm/m/n/12/30 ^
^B| \C70/rm/m/n/12/67 ^^@ \C70/rm/m/n/12/54 ^^N|\C70/rm/m/n/12/ff ^^L| \C70/rm/
m/n/12/4f ^^? \C70/rm/m/n/12/75 (\OT1/cmr/m/n/12 caret\C70/rm/m/n/12/5e “ \C70/
rm/m/n/12/4e - \C70/rm/m/n/12/76 „\OT1/cmr/m/n/12 trainControl\C70/rm/m/n/12/51
 ý \C70/rm/m/n/12/65 p|\C70/rm/m/n/12/ff ^^L| \C70/rm/m/n/12/90 	 \C70/rm/m/n/1
2/62 é\OT1/cmr/m/n/12 10\C70/rm/m/n/12/62 ˜ \C70/rm/m/n/12/4e ¤ \C70/rm/m/n/12/
53 É \C70/rm/m/n/12/9a Œ \C70/rm/m/n/12/8b Á \C70/rm/m/n/12/65 ¹ \C70/rm/m/n/12
/6c Õ|\C70/rm/m/n/12/ff ^^L| \C70/rm/m/n/12/71 6 \C70/rm/m/n/12/54 ^^N \C70/rm/
m/n/12/4f ^^? \C70/rm/m/n/12/75 (\OT1/cmr/m/n/12 expand.grid\C70/rm/m/n/12/51 ý

 []

[4 <./res/corrplot.png>]
Overfull \hbox (7.54199pt too wide) in paragraph at lines 146--147
\C70/rm/m/n/12/6a ! \C70/rm/m/n/12/57 ‹ \C70/rm/m/n/12/76 „\OT1/cmr/m/n/12 RMSE
\C70/rm/m/n/12/4e :\OT1/cmr/m/n/12 65222.08|\C70/rm/m/n/12/ff ^^L| \C70/rm/m/n/
12/53 s \C70/rm/m/n/12/98 „ \C70/rm/m/n/12/6d K \C70/rm/m/n/12/50 < \C70/rm/m/n
/12/4e ^^N \C70/rm/m/n/12/77 ^^_ \C70/rm/m/n/12/5b ž \C70/rm/m/n/12/50 < \C70/r
m/m/n/12/76 „ \C70/rm/m/n/12/5e s \C70/rm/m/n/12/57 G \C70/rm/m/n/12/50 O \C70/
rm/m/n/12/5d î \C70/rm/m/n/12/4e :\OT1/cmr/m/n/12 65222.08\C70/rm/m/n/12/7f Ž \
C70/rm/m/n/12/51 C|\C70/rm/m/n/12/ff ^^L| \C70/rm/m/n/12/80 ^^L\OT1/cmr/m/n/12 
MAE\C70/rm/m/n/12/4e :\OT1/cmr/m/n/12 46993.80|\C70/rm/m/n/12/ff ^^L|
 []


Overfull \hbox (3.3908pt too wide) in paragraph at lines 151--152
[][][][][][][][][][][][][][][][][][][][][][][][][][][][][][]\C70/rm/m/n/12/5b ù
 \C70/rm/m/n/12/81 ê \C70/rm/m/n/12/53 Ø \C70/rm/m/n/12/91 Ï \C70/rm/m/n/12/8f 
Û \C70/rm/m/n/12/88 L \C70/rm/m/n/12/4e - \C70/rm/m/n/12/5f Ã
 []

[5]
Overfull \hbox (4.7407pt too wide) in paragraph at lines 153--154
[][][][][][][][][][][][][][][][][][][][][][][][][][][][][][][][][]\C70/rm/m/n/1
2/90 	 \C70/rm/m/n/12/53 Ö \C70/rm/m/n/12/8d Ý \C70/rm/m/n/12/79 »
 []


Overfull \hbox (16.24036pt too wide) in paragraph at lines 157--158
[] []\OT1/cmr/bx/n/12 model12[] \C70/rm/m/n/12/57 ( \C70/rm/m/n/12/52 M \C70/rm
/m/n/12/4e ^^@ \C70/rm/m/n/12/6a ! \C70/rm/m/n/12/57 ‹ \C70/rm/m/n/12/76 „ \C70
/rm/m/n/12/57 ú \C70/rm/m/n/12/78 @ \C70/rm/m/n/12/4e 
|\C70/rm/m/n/12/ff ^^L| \C70/rm/m/n/12/52   \C70/rm/m/n/12/96 d \C70/rm/m/n/12/
81 ê \C70/rm/m/n/12/53 Ø \C70/rm/m/n/12/91 Ï \C70/rm/m/n/12/4e - \C70/rm/m/n/12
/76 „\OT1/cmr/m/n/12 Draft\C70/rm/m/n/12/53 Ø \C70/rm/m/n/12/91 Ï|\C70/rm/m/n/1
2/ff ^^L| \C70/rm/m/n/12/91 Í \C70/rm/m/n/12/65 ° \C70/rm/m/n/12/8f Û \C70/rm/m
/n/12/88 L \C70/rm/m/n/12/8b ­ \C70/rm/m/n/12/7e Ã \C70/rm/m/n/12/5f — \C70/rm/
m/n/12/52 0 \C70/rm/m/n/12/6a ! \C70/rm/m/n/12/57 ‹\OT1/cmr/m/n/12 model12|\C70
/rm/m/n/12/ff ^^L|
 []

<res/manhattan.png, id=319, 479.54156pt x 346.29375pt>
File: res/manhattan.png Graphic file (type png)
<use res/manhattan.png>
Package pdftex.def Info: res/manhattan.png  used on input line 251.
(pdftex.def)             Requested size: 348.94388pt x 251.98915pt.

LaTeX Warning: `h' float specifier changed to `ht'.

[6] [7 <./res/manhattan.png>]
Overfull \hbox (25.86293pt too wide) in paragraph at lines 257--258
[] []\OT1/cmr/bx/n/12 model21[] \C70/rm/m/n/12/7c { \C70/rm/m/n/12/4f < \C70/rm
/m/n/12/4e Ž \C70/rm/m/n/12/8b ­ \C70/rm/m/n/12/7e Ã \C70/rm/m/n/12/66 ü \C70/r
m/m/n/12/54 È \C70/rm/m/n/12/98 ^^? \C70/rm/m/n/12/8d Ý \C70/rm/m/n/12/79 » \C7
0/rm/m/n/12/5b š \C70/rm/m/n/12/4e I  \C70/rm/m/n/12/76 „ \C70/rm/m/n/12/6a ! 
\C70/rm/m/n/12/57 ‹|\C70/rm/m/n/12/ff ^^L| \C70/rm/m/n/12/62 ^^Q \C70/rm/m/n/12
/4e ì \C70/rm/m/n/12/51 H \C70/rm/m/n/12/4e ^^M \C70/rm/m/n/12/53 » \C70/rm/m/n
/12/96 d \C70/rm/m/n/12/4e û \C70/rm/m/n/12/4f U \C70/rm/m/n/12/53 Ø \C70/rm/m/
n/12/91 Ï \C70/rm/m/n/12/8b ­ \C70/rm/m/n/12/7e Ã \C70/rm/m/n/12/83 · \C70/rm/m
/n/12/5f — \C70/rm/m/n/12/6a ! \C70/rm/m/n/12/57 ‹\OT1/cmr/m/n/12 model21|\C70/
rm/m/n/12/ff ^^L|
 []


Overfull \hbox (0.33644pt too wide) in paragraph at lines 269--270
[] []\OT1/cmr/bx/n/12 model23[] \C70/rm/m/n/12/51  \C70/rm/m/n/12/53 » \C70/rm
/m/n/12/96 d \C70/rm/m/n/12/53 Ø \C70/rm/m/n/12/91 Ï\OT1/cmr/m/n/12 GDP.Capita\
C70/rm/m/n/12/5f — \C70/rm/m/n/12/6a ! \C70/rm/m/n/12/57 ‹\OT1/cmr/m/n/12 model
23|\C70/rm/m/n/12/ff ^^L| \C70/rm/m/n/12/59 ‚ \C70/rm/m/n/12/88 h[]\OT1/cmr/m/n
/12 5a[]\C70/rm/m/n/12/62 @ \C70/rm/m/n/12/79 :|\C70/rm/m/n/12/30 ^^B| \C70/rm/
m/n/12/5f S\OT1/cmr/m/n/12 k=4\C70/rm/m/n/12/65 ö|\C70/rm/m/n/12/ff ^^L| \C70/r
m/m/n/12/6a ! \C70/rm/m/n/12/57 ‹ \C70/rm/m/n/12/65 H \C70/rm/m/n/12/67 œ ^^@ \
C70/rm/m/n/12/59 }|\C70/rm/m/n/12/30 ^^B|
 []


Underfull \hbox (badness 10000) in paragraph at lines 269--270

 []

<res/mashi.png, id=343, 479.54156pt x 345.91734pt>
File: res/mashi.png Graphic file (type png)
<use res/mashi.png>
Package pdftex.def Info: res/mashi.png  used on input line 362.
(pdftex.def)             Requested size: 348.94388pt x 251.71526pt.
[8

] [9 <./res/mashi.png>]
Overfull \hbox (25.86293pt too wide) in paragraph at lines 368--369
[] []\OT1/cmr/bx/n/12 model31[] \C70/rm/m/n/12/7c { \C70/rm/m/n/12/4f < \C70/rm
/m/n/12/4e Ž \C70/rm/m/n/12/8b ­ \C70/rm/m/n/12/7e Ã \C70/rm/m/n/12/66 ü \C70/r
m/m/n/12/54 È \C70/rm/m/n/12/98 ^^? \C70/rm/m/n/12/8d Ý \C70/rm/m/n/12/79 » \C7
0/rm/m/n/12/5b š \C70/rm/m/n/12/4e I  \C70/rm/m/n/12/76 „ \C70/rm/m/n/12/6a ! 
\C70/rm/m/n/12/57 ‹|\C70/rm/m/n/12/ff ^^L| \C70/rm/m/n/12/62 ^^Q \C70/rm/m/n/12
/4e ì \C70/rm/m/n/12/51 H \C70/rm/m/n/12/4e ^^M \C70/rm/m/n/12/53 » \C70/rm/m/n
/12/96 d \C70/rm/m/n/12/4e û \C70/rm/m/n/12/4f U \C70/rm/m/n/12/53 Ø \C70/rm/m/
n/12/91 Ï \C70/rm/m/n/12/8b ­ \C70/rm/m/n/12/7e Ã \C70/rm/m/n/12/83 · \C70/rm/m
/n/12/5f — \C70/rm/m/n/12/6a ! \C70/rm/m/n/12/57 ‹\OT1/cmr/m/n/12 model21|\C70/
rm/m/n/12/ff ^^L|
 []


Overfull \hbox (1.29082pt too wide) in paragraph at lines 377--378
[][][][][][][][][][][][][][][][][][][][][][][]\C70/rm/m/n/12/5c ^^F \C70/rm/m/n
/12/6a ! \C70/rm/m/n/12/57 ‹ \C70/rm/m/n/12/5e ” \C70/rm/m/n/12/75 ( \C70/rm/m/
n/12/4e Ž \C70/rm/m/n/12/6d K \C70/rm/m/n/12/8b Õ \C70/rm/m/n/12/96 Æ
 []


Overfull \hbox (0.33644pt too wide) in paragraph at lines 380--381
[] []\OT1/cmr/bx/n/12 model33[] \C70/rm/m/n/12/51  \C70/rm/m/n/12/53 » \C70/rm
/m/n/12/96 d \C70/rm/m/n/12/53 Ø \C70/rm/m/n/12/91 Ï\OT1/cmr/m/n/12 GDP.Capita\
C70/rm/m/n/12/5f — \C70/rm/m/n/12/6a ! \C70/rm/m/n/12/57 ‹\OT1/cmr/m/n/12 model
23|\C70/rm/m/n/12/ff ^^L| \C70/rm/m/n/12/59 ‚ \C70/rm/m/n/12/88 h[]\OT1/cmr/m/n
/12 5a[]\C70/rm/m/n/12/62 @ \C70/rm/m/n/12/79 :|\C70/rm/m/n/12/30 ^^B| \C70/rm/
m/n/12/5f S\OT1/cmr/m/n/12 k=4\C70/rm/m/n/12/65 ö|\C70/rm/m/n/12/ff ^^L| \C70/r
m/m/n/12/6a ! \C70/rm/m/n/12/57 ‹ \C70/rm/m/n/12/65 H \C70/rm/m/n/12/67 œ ^^@ \
C70/rm/m/n/12/59 }|\C70/rm/m/n/12/30 ^^B|
 []


Underfull \hbox (badness 10000) in paragraph at lines 380--381

 []

<res/eucilid.png, id=370, 479.54156pt x 344.78813pt>
File: res/eucilid.png Graphic file (type png)
<use res/eucilid.png>
Package pdftex.def Info: res/eucilid.png  used on input line 473.
(pdftex.def)             Requested size: 348.94388pt x 250.89355pt.
[10

] [11 <./res/eucilid.png>]
<res/duibi.png, id=393, 505.89pt x 361.35pt>
File: res/duibi.png Graphic file (type png)
<use res/duibi.png>
Package pdftex.def Info: res/duibi.png  used on input line 482.
(pdftex.def)             Requested size: 478.00812pt x 341.43896pt.

Overfull \hbox (18.02322pt too wide) in paragraph at lines 486--487
\C70/rm/m/n/12/8f ƒ \C70/rm/m/n/12/6b Ï \C70/rm/m/n/12/4e *\OT1/cmr/m/n/12 k-NN
\C70/rm/m/n/12/56 Þ \C70/rm/m/n/12/5f R \C70/rm/m/n/12/6a ! \C70/rm/m/n/12/57 ‹
 ( \C70/rm/m/n/12/67 ^^@ \C70/rm/m/n/12/4f s\OT1/cmr/m/n/12 k\C70/rm/m/n/12/50 
< \C70/rm/m/n/12/4e  \C70/rm/m/n/12/76 „$\OML/cmm/m/it/12 R[]$\C70/rm/m/n/12/5
4 Œ \C70/rm/m/n/12/5e ^^? \C70/rm/m/n/12/4e I \C70/rm/m/n/12/56 Þ \C70/rm/m/n/1
2/5f R \C70/rm/m/n/12/6a ! \C70/rm/m/n/12/57 ‹ \C70/rm/m/n/12/76 „$\OML/cmm/m/i
t/12 R[]$|\C70/rm/m/n/12/ff ^^L| \C70/rm/m/n/12/53 Ñ \C70/rm/m/n/12/73 ° \C70/r
m/m/n/12/5e ^^? \C70/rm/m/n/12/4e I \C70/rm/m/n/12/56 Þ \C70/rm/m/n/12/5f R \C7
0/rm/m/n/12/6a ! \C70/rm/m/n/12/57 ‹ \C70/rm/m/n/12/76 „$\OML/cmm/m/it/12 R[]$\
C70/rm/m/n/12/4e :\OT1/cmr/m/n/12 0.7958|\C70/rm/m/n/12/ff ^^L|
 []

[12 <./res/duibi.png>] (./ç¬¬äºŒæ¬¡ä½œä¸š.aux)
Package rerunfilecheck Info: File `ç¬¬äºŒæ¬¡ä½œä¸š.out' has not changed.
(rerunfilecheck)             Checksum: EA9C71DD72499BE81A6EC9CB5526871A;1391.
 ) 
Here is how much of TeX's memory you used:
 18921 strings out of 478276
 306889 string characters out of 5846497
 786719 words of memory out of 5000000
 36436 multiletter control sequences out of 15000+600000
 531367 words of font info for 253 fonts, out of 8000000 for 9000
 1141 hyphenation exceptions out of 8191
 75i,13n,78p,721b,1803s stack positions out of 5000i,500n,10000p,200000b,80000s
<c:/Windows/Fonts/simsun.ttc><c:/Windows/Fonts/simhei.ttf><c:/Windows/Fonts/s
imhei.ttf><c:/Windows/Fonts/simsun.ttc><c:/Windows/Fonts/simhei.ttf><c:/Windows
/Fonts/simsun.ttc><c:/Windows/Fonts/simsun.ttc><c:/Windows/Fonts/simsun.ttc><c:
/Windows/Fonts/simsun.ttc><c:/Windows/Fonts/simsun.ttc><c:/Windows/Fonts/simsun
.ttc><c:/Windows/Fonts/simsun.ttc><c:/Windows/Fonts/simsun.ttc>{d:/Texlive/texl
ive/2021/texmf-dist/fonts/enc/dvips/cm-super/cm-super-ts1.enc}<c:/Windows/Fonts
/simsun.ttc><c:/Windows/Fonts/simhei.ttf><c:/Windows/Fonts/simhei.ttf><c:/Windo
ws/Fonts/simhei.ttf><c:/Windows/Fonts/simhei.ttf><c:/Windows/Fonts/simhei.ttf><
c:/Windows/Fonts/simhei.ttf><c:/Windows/Fonts/simhei.ttf><c:/Windows/Fonts/simh
ei.ttf><c:/Windows/Fonts/simhei.ttf><c:/Windows/Fonts/simhei.ttf><c:/Windows/Fo
nts/simhei.ttf><c:/Windows/Fonts/simhei.ttf><c:/Windows/Fonts/simsun.ttc><c:/Wi
ndows/Fonts/simsun.ttc><c:/Windows/Fonts/simsun.ttc><c:/Windows/Fonts/simsun.tt
c><c:/Windows/Fonts/simsun.ttc><c:/Windows/Fonts/simsun.ttc><c:/Windows/Fonts/s
imsun.ttc><c:/Windows/Fonts/simsun.ttc><c:/Windows/Fonts/simsun.ttc><c:/Windows
/Fonts/simsun.ttc><c:/Windows/Fonts/simsun.ttc><c:/Windows/Fonts/simsun.ttc><c:
/Windows/Fonts/simhei.ttf><c:/Windows/Fonts/simhei.ttf><c:/Windows/Fonts/simhei
.ttf><c:/Windows/Fonts/simhei.ttf><c:/Windows/Fonts/simhei.ttf><c:/Windows/Font
s/simhei.ttf><c:/Windows/Fonts/simhei.ttf><c:/Windows/Fonts/simhei.ttf><c:/Wind
ows/Fonts/simhei.ttf><c:/Windows/Fonts/simhei.ttf><c:/Windows/Fonts/simsun.ttc>
<c:/Windows/Fonts/simhei.ttf><c:/Windows/Fonts/simhei.ttf><c:/Windows/Fonts/sim
hei.ttf><c:/Windows/Fonts/simhei.ttf><c:/Windows/Fonts/simhei.ttf><c:/Windows/F
onts/simhei.ttf><c:/Windows/Fonts/simhei.ttf><c:/Windows/Fonts/simsun.ttc><c:/W
indows/Fonts/simsun.ttc><c:/Windows/Fonts/simsun.ttc><c:/Windows/Fonts/simsun.t
tc><c:/Windows/Fonts/simsun.ttc><c:/Windows/Fonts/simsun.ttc><c:/Windows/Fonts/
simsun.ttc><c:/Windows/Fonts/simsun.ttc><c:/Windows/Fonts/simsun.ttc><c:/Window
s/Fonts/simsun.ttc><c:/Windows/Fonts/simsun.ttc><c:/Windows/Fonts/simsun.ttc><c
:/Windows/Fonts/simsun.ttc><c:/Windows/Fonts/simsun.ttc><c:/Windows/Fonts/simsu
n.ttc><c:/Windows/Fonts/simsun.ttc><c:/Windows/Fonts/simsun.ttc><c:/Windows/Fon
ts/simsun.ttc><c:/Windows/Fonts/simsun.ttc><c:/Windows/Fonts/simsun.ttc><c:/Win
dows/Fonts/simsun.ttc><c:/Windows/Fonts/simsun.ttc><c:/Windows/Fonts/simsun.ttc
><c:/Windows/Fonts/simsun.ttc><c:/Windows/Fonts/simsun.ttc><c:/Windows/Fonts/si
msun.ttc><c:/Windows/Fonts/simsun.ttc><c:/Windows/Fonts/simsun.ttc><c:/Windows/
Fonts/simsun.ttc><c:/Windows/Fonts/simhei.ttf><c:/Windows/Fonts/simhei.ttf><c:/
Windows/Fonts/simsun.ttc><c:/Windows/Fonts/simsun.ttc><c:/Windows/Fonts/simsun.
ttc><c:/Windows/Fonts/simsun.ttc><c:/Windows/Fonts/simsun.ttc><c:/Windows/Fonts
/simsun.ttc><c:/Windows/Fonts/simsun.ttc><c:/Windows/Fonts/simsun.ttc><c:/Windo
ws/Fonts/simsun.ttc><c:/Windows/Fonts/simsun.ttc><c:/Windows/Fonts/simsun.ttc><
c:/Windows/Fonts/simsun.ttc><c:/Windows/Fonts/simsun.ttc><c:/Windows/Fonts/sims
un.ttc><c:/Windows/Fonts/simsun.ttc><c:/Windows/Fonts/simsun.ttc><d:/Texlive/te
xlive/2021/texmf-dist/fonts/type1/public/amsfonts/cm/cmbx12.pfb><d:/Texlive/tex
live/2021/texmf-dist/fonts/type1/public/amsfonts/cm/cmex10.pfb><d:/Texlive/texl
ive/2021/texmf-dist/fonts/type1/public/amsfonts/cm/cmmi10.pfb><d:/Texlive/texli
ve/2021/texmf-dist/fonts/type1/public/amsfonts/cm/cmmi12.pfb><d:/Texlive/texliv
e/2021/texmf-dist/fonts/type1/public/amsfonts/cm/cmmi8.pfb><d:/Texlive/texlive/
2021/texmf-dist/fonts/type1/public/amsfonts/cm/cmr10.pfb><d:/Texlive/texlive/20
21/texmf-dist/fonts/type1/public/amsfonts/cm/cmr12.pfb><d:/Texlive/texlive/2021
/texmf-dist/fonts/type1/public/amsfonts/cm/cmr17.pfb><d:/Texlive/texlive/2021/t
exmf-dist/fonts/type1/public/amsfonts/cm/cmr6.pfb><d:/Texlive/texlive/2021/texm
f-dist/fonts/type1/public/amsfonts/cm/cmr8.pfb><d:/Texlive/texlive/2021/texmf-d
ist/fonts/type1/public/amsfonts/cm/cmsy10.pfb><d:/Texlive/texlive/2021/texmf-di
st/fonts/type1/public/amsfonts/cm/cmsy8.pfb><d:/Texlive/texlive/2021/texmf-dist
/fonts/type1/public/cm-super/sfrm1200.pfb>
Output written on ç¬¬äºŒæ¬¡ä½œä¸š.pdf (12 pages, 805565 bytes).
PDF statistics:
 790 PDF objects out of 1000 (max. 8388607)
 562 compressed objects within 6 object streams
 90 named destinations out of 1000 (max. 500000)
 406 words of extra memory for PDF output out of 10000 (max. 10000000)

