\BOOKMARK [1][-]{section.1}{\376\377\176\352\213\272}{}% 1
\BOOKMARK [2][-]{subsection.1.1}{\376\377\145\160\143\156\123\312\121\166\200\314\146\157}{section.1}% 2
\BOOKMARK [2][-]{subsection.1.2}{\376\377\142\021\116\354\166\204\116\373\122\241}{section.1}% 3
\BOOKMARK [2][-]{subsection.1.3}{\376\377\116\073\211\201\220\011\165\050\145\271\154\325\040\024\040\024\000b\000o\000x\000-\000c\000o\000x\123\330\143\142}{section.1}% 4
\BOOKMARK [2][-]{subsection.1.4}{\376\377\116\073\211\201\121\375\145\160\213\364\146\016\123\312\123\302\145\160\213\276\177\156}{section.1}% 5
\BOOKMARK [1][-]{section.2}{\376\377\176\277\140\047\126\336\137\122\152\041\127\213}{}% 6
\BOOKMARK [2][-]{subsection.2.1}{\376\377\137\002\136\070\120\074\131\004\164\006}{section.2}% 7
\BOOKMARK [2][-]{subsection.2.2}{\376\377\152\041\127\213\136\372\172\313\116\016\145\071\217\333}{section.2}% 8
\BOOKMARK [3][-]{subsubsection.2.2.1}{\376\377\152\041\127\213\136\372\172\313}{subsection.2.2}% 9
\BOOKMARK [2][-]{subsection.2.3}{\376\377\152\041\127\213\145\071\217\333}{section.2}% 10
\BOOKMARK [2][-]{subsection.2.4}{\376\377\152\041\127\213\213\312\145\255}{section.2}% 11
\BOOKMARK [3][-]{subsubsection.2.4.1}{\376\377\145\164\117\123\213\312\145\255}{subsection.2.4}% 12
\BOOKMARK [3][-]{subsubsection.2.4.2}{\376\377\153\213\135\356\153\143\140\001\140\047\150\300\232\214}{subsection.2.4}% 13
\BOOKMARK [3][-]{subsubsection.2.4.3}{\376\377\145\271\135\356\237\120\140\047\150\300\232\214}{subsection.2.4}% 14
\BOOKMARK [3][-]{subsubsection.2.4.4}{\376\377\131\032\221\315\121\161\176\277\140\047\213\312\145\255}{subsection.2.4}% 15
\BOOKMARK [2][-]{subsection.2.5}{\376\377\152\041\127\213\136\224\165\050}{section.2}% 16
\BOOKMARK [1][-]{section.3}{\376\377\133\371\145\160\176\277\140\047\126\336\137\122\152\041\127\213}{}% 17
\BOOKMARK [2][-]{subsection.3.1}{\376\377\137\002\136\070\120\074\131\004\164\006}{section.3}% 18
\BOOKMARK [2][-]{subsection.3.2}{\376\377\152\041\127\213\136\372\172\313}{section.3}% 19
\BOOKMARK [2][-]{subsection.3.3}{\376\377\152\041\127\213\145\071\217\333}{section.3}% 20
\BOOKMARK [2][-]{subsection.3.4}{\376\377\152\041\127\213\213\312\145\255}{section.3}% 21
\BOOKMARK [3][-]{subsubsection.3.4.1}{\376\377\145\164\117\123\213\312\145\255}{subsection.3.4}% 22
\BOOKMARK [3][-]{subsubsection.3.4.2}{\376\377\153\213\135\356\153\143\140\001\140\047\150\300\232\214}{subsection.3.4}% 23
\BOOKMARK [3][-]{subsubsection.3.4.3}{\376\377\145\271\135\356\237\120\140\047\150\300\232\214}{subsection.3.4}% 24
\BOOKMARK [3][-]{subsubsection.3.4.4}{\376\377\131\032\221\315\121\161\176\277\140\047\213\312\145\255}{subsection.3.4}% 25
\BOOKMARK [2][-]{subsection.3.5}{\376\377\152\041\127\213\136\224\165\050}{section.3}% 26
\BOOKMARK [1][-]{section.4}{\376\377\136\177\116\111\176\277\140\047\126\336\137\122\152\041\127\213}{}% 27
\BOOKMARK [2][-]{subsection.4.1}{\376\377\137\002\136\070\120\074\131\004\164\006}{section.4}% 28
\BOOKMARK [2][-]{subsection.4.2}{\376\377\152\041\127\213\136\372\172\313}{section.4}% 29
\BOOKMARK [2][-]{subsection.4.3}{\376\377\152\041\127\213\145\071\217\333}{section.4}% 30
\BOOKMARK [2][-]{subsection.4.4}{\376\377\152\041\127\213\213\312\145\255}{section.4}% 31
\BOOKMARK [3][-]{subsubsection.4.4.1}{\376\377\145\164\117\123\213\312\145\255}{subsection.4.4}% 32
\BOOKMARK [3][-]{subsubsection.4.4.2}{\376\377\153\213\135\356\153\143\140\001\140\047\150\300\232\214}{subsection.4.4}% 33
\BOOKMARK [3][-]{subsubsection.4.4.3}{\376\377\145\271\135\356\237\120\140\047\150\300\232\214}{subsection.4.4}% 34
\BOOKMARK [3][-]{subsubsection.4.4.4}{\376\377\131\032\221\315\121\161\176\277\140\047\213\312\145\255}{subsection.4.4}% 35
\BOOKMARK [3][-]{subsubsection.4.4.5}{\376\377\152\041\127\213\136\224\165\050}{subsection.4.4}% 36
\BOOKMARK [1][-]{section.5}{\376\377\140\073\176\323\116\016\123\315\140\035}{}% 37
