\BOOKMARK [1][-]{section.1}{\376\377\145\160\143\156\226\306\123\312\116\373\122\241}{}% 1
\BOOKMARK [2][-]{subsection.1.1}{\376\377\145\160\143\156\226\306\143\317\217\360}{section.1}% 2
\BOOKMARK [2][-]{subsection.1.2}{\376\377\142\021\116\354\166\204\116\373\122\241}{section.1}% 3
\BOOKMARK [2][-]{subsection.1.3}{\376\377\116\073\211\201\121\375\145\160\213\364\146\016}{section.1}% 4
\BOOKMARK [1][-]{section.2}{\376\377\133\236\232\214\213\276\177\156}{}% 5
\BOOKMARK [2][-]{subsection.2.1}{\376\377\230\204\131\004\164\006}{section.2}% 6
\BOOKMARK [3][-]{subsubsection.2.1.1}{\376\377\177\072\131\061\120\074\131\004\164\006}{subsection.2.1}% 7
\BOOKMARK [3][-]{subsubsection.2.1.2}{\376\377\123\357\211\306\123\026}{subsection.2.1}% 8
\BOOKMARK [2][-]{subsection.2.2}{\376\377\213\304\116\367\143\007\150\007}{section.2}% 9
\BOOKMARK [1][-]{section.3}{\376\377\121\263\173\126\150\021\173\227\154\325}{}% 10
\BOOKMARK [2][-]{subsection.3.1}{\376\377\173\227\154\325\123\237\164\006\124\214\127\372\147\054\155\101\172\013}{section.3}% 11
\BOOKMARK [2][-]{subsection.3.2}{\376\377\116\015\122\152\147\235\121\263\173\126\150\021\173\227\154\325}{section.3}% 12
\BOOKMARK [1][-]{section.4}{\376\377\122\152\147\235\173\126\165\145\123\312\121\166\136\224\165\050}{}% 13
\BOOKMARK [2][-]{subsection.4.1}{\376\377\230\204\122\152\147\235}{section.4}% 14
\BOOKMARK [2][-]{subsection.4.2}{\376\377\124\016\122\152\147\235}{section.4}% 15
\BOOKMARK [2][-]{subsection.4.3}{\376\377\140\073\176\323}{section.4}% 16
\BOOKMARK [1][-]{section.5}{\376\377\153\324\217\203\122\006\147\220}{}% 17
\BOOKMARK [2][-]{subsection.5.1}{\376\377\116\016\116\015\122\152\147\235\166\204\121\263\173\126\150\021\133\371\153\324}{section.5}% 18
\BOOKMARK [2][-]{subsection.5.2}{\376\377\116\016\121\110\122\115\135\345\117\134\166\204\133\371\153\324}{section.5}% 19
\BOOKMARK [1][-]{section.6}{\376\377\140\073\176\323\116\016\123\315\140\035}{}% 20
